./mixer
Main: running ./mixer with 1 arguments
Main: starting gambit_l
Writing /home/root/fw-upgrade.sh  Success? 1
Running chmod 755 /home/root/fw-upgrade.sh
Writing /home/root/presonus/rm16/scene/01.Zero Out (Board Reset).scene  Success? 1
NOAA: router open
NOAA: TCard open
NOAA: start
Detected IO Card: NIMH
read serialnumbner:0x  F55DAA expected number:0x  F55DAA
read productID:0x17 expected:0x18
Invalid Serial Issue
NOAA: sendSampleRate rate:1 linkID:0
Warning no Receiver found for packetF0 UNKNOWN CHAR!	01 F7
ack timeout
Rack main out timing workaround applied.  Delay = 0
NOAA: RMUTE_START_COMMAND - DACs are MUTED!
NOAA: LINK_MODE_COMMAND type:0 id=0 delay=30 count=1
======== IO Card Status =========
 Card Type:1 (NIMH)
      ARMv:1.5.5.0
     FPGAv:2.0.0.2495
   SHELBYv:0.0.4-0
 validFPGA:1
   mounted:1
  ARM comp:1
 FPGA comp:1
 clock run:1
  serial #:16080298
    1394 #:16080298
DeviceID #:0x17
==============================
Warning no Receiver found for packetread:688	F0 UNKNOWN CHAR"	01 F7
ack timeout

Scheduled thread: Thread, Priority 4
 FPR: init
 FPR: init
 FPR: open
 FPR: resetBoard section:0  isbootloader:0
 FPR: resetCS 103 108 0
 FPR: CS to normal mode
 FPR: resetBoard section:1  isbootloader:0
 FPR: resetCS 102 110 0
 FPR: CS to normal mode
UART: close port -1
UART: close port -1
UART: open_port /dev/ttyS1, 8
 FPR: PANEL version 751 0x2EF
 App: local ip address: 192.168.10.200
 FPR: start
UART: HI-Speed activated
 FPR: start finished
  MC: setting up Mixer Components

Scheduled thread: BackgroundWorker, Priority 0

Scheduled thread: BackgroundWorker, Priority 0

 Connected clients: 0
Failed to connect to wpa_supplicant - wpa_ctrl_open: No such file or directory
WARNING: prevent value change for "link" : requested: 1.00  bound: 0.00
WARNING: prevent value change for "link" : requested: 1.00  bound: 0.00
WARNING: prevent value change for "link" : requested: 1.00  bound: 0.00
FXComponent::updateFxParams type: 0
FXComponent::updateFxParams type: 0
FXComponent::updateFxParams type: 0
FXComponent::updateFxParams type: 0
MixerComponent::doSelect...
Generated alternate AVB MAC 8460298 from 16080298
programming serial reset
Failed to connect to wpa_supplicant - wpa_ctrl_open: No such file or directory
Failed to connect to wpa_supplicant - wpa_ctrl_open: No such file or directory
RackPanelComponent::attachMeterLEDs ()
Initiating application restart
 Msg: MAX_PROPERTY_SIZE:768
 Msg: SharedRegion size:16120
 Msg: TargetProp size:792
*********** Shutting down mixer ***********
Segmentation fault